# JRE version: OpenJDK Runtime Environment (17.0.6) (build 17.0.6+0-b2043.56-9586694)
# Java VM: OpenJDK 64-Bit Server VM (17.0.6+0-b2043.56-9586694, mixed mode, tiered, compressed oops, compressed class ptrs, g1 gc, windows-amd64)
GC Precious Log:
 CPUs: 8 total, 8 available
 Memory: 8029M
 Large Page Support: Disabled
 NUMA Support: Disabled
 Compressed Oops: Enabled (32-bit)
 Heap Region Size: 1M
 Heap Min Capacity: 8M
 Heap Initial Capacity: 126M
 Heap Max Capacity: 2G
 Pre-touch: Disabled
 Parallel Workers: 8
 Concurrent Workers: 2
 Concurrent Refinement Workers: 8
 Periodic GC: Disabled
Heap:
 garbage-first heap   total 482304K, used 127253K [0x0000000080000000, 0x0000000100000000)
  region size 1024K, 3 young (3072K), 3 survivors (3072K)
 Metaspace       used 70990K, committed 71680K, reserved 1114112K
  class space    used 9066K, committed 9344K, reserved 1048576K
GC Heap History (20 events):
Event: 35.782 GC heap after
{Heap after GC invocations=112 (full 0):
 garbage-first heap   total 438272K, used 100929K [0x0000000080000000, 0x0000000100000000)
  region size 1024K, 2 young (2048K), 2 survivors (2048K)
 Metaspace       used 51903K, committed 52352K, reserved 1097728K
  class space    used 6886K, committed 7104K, reserved 1048576K
}
Event: 45.947 GC heap before
{Heap before GC invocations=113 (full 0):
 garbage-first heap   total 358400K, used 350369K [0x0000000080000000, 0x0000000100000000)
  region size 1024K, 236 young (241664K), 2 survivors (2048K)
 Metaspace       used 69356K, committed 70016K, reserved 1114112K
  class space    used 9048K, committed 9344K, reserved 1048576K
}
Event: 45.958 GC heap after
{Heap after GC invocations=114 (full 0):
 garbage-first heap   total 368640K, used 125432K [0x0000000080000000, 0x0000000100000000)
  region size 1024K, 15 young (15360K), 15 survivors (15360K)
 Metaspace       used 69356K, committed 70016K, reserved 1114112K
  class space    used 9048K, committed 9344K, reserved 1048576K
}
Event: 46.005 GC heap before
{Heap before GC invocations=114 (full 0):
 garbage-first heap   total 368640K, used 128504K [0x0000000080000000, 0x0000000100000000)
  region size 1024K, 18 young (18432K), 15 survivors (15360K)
 Metaspace       used 69460K, committed 70016K, reserved 1114112K
  class space    used 9062K, committed 9344K, reserved 1048576K
}
Event: 46.013 GC heap after
{Heap after GC invocations=115 (full 0):
 garbage-first heap   total 368640K, used 125012K [0x0000000080000000, 0x0000000100000000)
  region size 1024K, 2 young (2048K), 2 survivors (2048K)
 Metaspace       used 69460K, committed 70016K, reserved 1114112K
  class space    used 9062K, committed 9344K, reserved 1048576K
}
Event: 70.956 GC heap before
{Heap before GC invocations=115 (full 0):
 garbage-first heap   total 368640K, used 312404K [0x0000000080000000, 0x0000000100000000)
  region size 1024K, 185 young (189440K), 2 survivors (2048K)
 Metaspace       used 70934K, committed 71552K, reserved 1114112K
  class space    used 9088K, committed 9344K, reserved 1048576K
}
Event: 70.960 GC heap after
{Heap after GC invocations=116 (full 0):
 garbage-first heap   total 368640K, used 127324K [0x0000000080000000, 0x0000000100000000)
  region size 1024K, 4 young (4096K), 4 survivors (4096K)
 Metaspace       used 70934K, committed 71552K, reserved 1114112K
  class space    used 9088K, committed 9344K, reserved 1048576K
}
Event: 82.795 GC heap before
{Heap before GC invocations=116 (full 0):
 garbage-first heap   total 368640K, used 174428K [0x0000000080000000, 0x0000000100000000)
  region size 1024K, 51 young (52224K), 4 survivors (4096K)
 Metaspace       used 71039K, committed 71616K, reserved 1114112K
  class space    used 9088K, committed 9344K, reserved 1048576K
}
Event: 82.798 GC heap after
{Heap after GC invocations=117 (full 0):
 garbage-first heap   total 368640K, used 127517K [0x0000000080000000, 0x0000000100000000)
  region size 1024K, 5 young (5120K), 5 survivors (5120K)
 Metaspace       used 71039K, committed 71616K, reserved 1114112K
  class space    used 9088K, committed 9344K, reserved 1048576K
}
Event: 83.031 GC heap before
{Heap before GC invocations=118 (full 0):
 garbage-first heap   total 368640K, used 316292K [0x0000000080000000, 0x0000000100000000)
  region size 1024K, 189 young (193536K), 5 survivors (5120K)
 Metaspace       used 70952K, committed 71616K, reserved 1114112K
  class space    used 9064K, committed 9344K, reserved 1048576K
}
Event: 83.034 GC heap after
{Heap after GC invocations=119 (full 0):
 garbage-first heap   total 368640K, used 128907K [0x0000000080000000, 0x0000000100000000)
  region size 1024K, 7 young (7168K), 7 survivors (7168K)
 Metaspace       used 70952K, committed 71616K, reserved 1114112K
  class space    used 9064K, committed 9344K, reserved 1048576K
}
Event: 83.041 GC heap before
{Heap before GC invocations=119 (full 0):
 garbage-first heap   total 368640K, used 139147K [0x0000000080000000, 0x0000000100000000)
  region size 1024K, 18 young (18432K), 7 survivors (7168K)
 Metaspace       used 70952K, committed 71616K, reserved 1114112K
  class space    used 9064K, committed 9344K, reserved 1048576K
}
Event: 83.044 GC heap after
{Heap after GC invocations=120 (full 0):
 garbage-first heap   total 368640K, used 127823K [0x0000000080000000, 0x0000000100000000)
  region size 1024K, 2 young (2048K), 2 survivors (2048K)
 Metaspace       used 70952K, committed 71616K, reserved 1114112K
  class space    used 9064K, committed 9344K, reserved 1048576K
}
Event: 83.208 GC heap before
{Heap before GC invocations=120 (full 0):
 garbage-first heap   total 368640K, used 316239K [0x0000000080000000, 0x0000000100000000)
  region size 1024K, 187 young (191488K), 2 survivors (2048K)
 Metaspace       used 70968K, committed 71616K, reserved 1114112K
  class space    used 9064K, committed 9344K, reserved 1048576K
}
Event: 83.209 GC heap after
{Heap after GC invocations=121 (full 0):
 garbage-first heap   total 368640K, used 128072K [0x0000000080000000, 0x0000000100000000)
  region size 1024K, 2 young (2048K), 2 survivors (2048K)
 Metaspace       used 70968K, committed 71616K, reserved 1114112K
  class space    used 9064K, committed 9344K, reserved 1048576K
}
Event: 83.579 GC heap before
{Heap before GC invocations=122 (full 0):
 garbage-first heap   total 368640K, used 318536K [0x0000000080000000, 0x0000000100000000)
  region size 1024K, 189 young (193536K), 2 survivors (2048K)
 Metaspace       used 70976K, committed 71616K, reserved 1114112K
  class space    used 9064K, committed 9344K, reserved 1048576K
}
Event: 83.582 GC heap after
{Heap after GC invocations=123 (full 0):
 garbage-first heap   total 368640K, used 128402K [0x0000000080000000, 0x0000000100000000)
  region size 1024K, 2 young (2048K), 2 survivors (2048K)
 Metaspace       used 70976K, committed 71616K, reserved 1114112K
  class space    used 9064K, committed 9344K, reserved 1048576K
}
Event: 83.597 GC heap before
{Heap before GC invocations=123 (full 0):
 garbage-first heap   total 368640K, used 144786K [0x0000000080000000, 0x0000000100000000)
  region size 1024K, 18 young (18432K), 2 survivors (2048K)
 Metaspace       used 70984K, committed 71616K, reserved 1114112K
  class space    used 9066K, committed 9344K, reserved 1048576K
}
Event: 83.600 GC heap after
{Heap after GC invocations=124 (full 0):
 garbage-first heap   total 368640K, used 125697K [0x0000000080000000, 0x0000000100000000)
  region size 1024K, 2 young (2048K), 2 survivors (2048K)
 Metaspace       used 70984K, committed 71616K, reserved 1114112K
  class space    used 9066K, committed 9344K, reserved 1048576K
}
Event: 83.813 GC heap before
{Heap before GC invocations=124 (full 0):
 garbage-first heap   total 368640K, used 319233K [0x0000000080000000, 0x0000000100000000)
  region size 1024K, 192 young (196608K), 2 survivors (2048K)
 Metaspace       used 70990K, committed 71680K, reserved 1114112K
  class space    used 9066K, committed 9344K, reserved 1048576K
}

