# JRE version: OpenJDK Runtime Environment (17.0.6) (build 17.0.6+0-b2043.56-9586694)
# Java VM: OpenJDK 64-Bit Server VM (17.0.6+0-b2043.56-9586694, mixed mode, tiered, compressed oops, compressed class ptrs, g1 gc, windows-amd64)
GC Precious Log:
 CPUs: 8 total, 8 available
 Memory: 8029M
 Large Page Support: Disabled
 NUMA Support: Disabled
 Compressed Oops: Enabled (32-bit)
 Heap Region Size: 1M
 Heap Min Capacity: 8M
 Heap Initial Capacity: 126M
 Heap Max Capacity: 2G
 Pre-touch: Disabled
 Parallel Workers: 8
 Concurrent Workers: 2
 Concurrent Refinement Workers: 8
 Periodic GC: Disabled
Heap:
 garbage-first heap   total 432128K, used 243539K [0x0000000080000000, 0x0000000100000000)
  region size 1024K, 16 young (16384K), 16 survivors (16384K)
 Metaspace       used 139411K, committed 140480K, reserved 1171456K
  class space    used 18257K, committed 18752K, reserved 1048576K
GC Heap History (20 events):
Event: 560.629 GC heap after
{Heap after GC invocations=96 (full 0):
 garbage-first heap   total 370688K, used 228624K [0x0000000080000000, 0x0000000100000000)
  region size 1024K, 2 young (2048K), 2 survivors (2048K)
 Metaspace       used 123466K, committed 124416K, reserved 1163264K
  class space    used 16192K, committed 16640K, reserved 1048576K
}
Event: 560.955 GC heap before
{Heap before GC invocations=96 (full 0):
 garbage-first heap   total 370688K, used 268560K [0x0000000080000000, 0x0000000100000000)
  region size 1024K, 43 young (44032K), 2 survivors (2048K)
 Metaspace       used 125918K, committed 126976K, reserved 1163264K
  class space    used 16401K, committed 16896K, reserved 1048576K
}
Event: 560.961 GC heap after
{Heap after GC invocations=97 (full 0):
 garbage-first heap   total 370688K, used 233755K [0x0000000080000000, 0x0000000100000000)
  region size 1024K, 7 young (7168K), 7 survivors (7168K)
 Metaspace       used 125918K, committed 126976K, reserved 1163264K
  class space    used 16401K, committed 16896K, reserved 1048576K
}
Event: 561.234 GC heap before
{Heap before GC invocations=98 (full 0):
 garbage-first heap   total 432128K, used 299291K [0x0000000080000000, 0x0000000100000000)
  region size 1024K, 71 young (72704K), 7 survivors (7168K)
 Metaspace       used 126599K, committed 127616K, reserved 1163264K
  class space    used 16448K, committed 16896K, reserved 1048576K
}
Event: 561.243 GC heap after
{Heap after GC invocations=99 (full 0):
 garbage-first heap   total 432128K, used 239007K [0x0000000080000000, 0x0000000100000000)
  region size 1024K, 5 young (5120K), 5 survivors (5120K)
 Metaspace       used 126599K, committed 127616K, reserved 1163264K
  class space    used 16448K, committed 16896K, reserved 1048576K
}
Event: 561.291 GC heap before
{Heap before GC invocations=99 (full 0):
 garbage-first heap   total 432128K, used 254367K [0x0000000080000000, 0x0000000100000000)
  region size 1024K, 21 young (21504K), 5 survivors (5120K)
 Metaspace       used 126744K, committed 127808K, reserved 1163264K
  class space    used 16462K, committed 16960K, reserved 1048576K
}
Event: 561.297 GC heap after
{Heap after GC invocations=100 (full 0):
 garbage-first heap   total 432128K, used 229673K [0x0000000080000000, 0x0000000100000000)
  region size 1024K, 2 young (2048K), 2 survivors (2048K)
 Metaspace       used 126744K, committed 127808K, reserved 1163264K
  class space    used 16462K, committed 16960K, reserved 1048576K
}
Event: 561.561 GC heap before
{Heap before GC invocations=100 (full 0):
 garbage-first heap   total 432128K, used 336169K [0x0000000080000000, 0x0000000100000000)
  region size 1024K, 106 young (108544K), 2 survivors (2048K)
 Metaspace       used 127646K, committed 128640K, reserved 1163264K
  class space    used 16536K, committed 17024K, reserved 1048576K
}
Event: 561.564 GC heap after
{Heap after GC invocations=101 (full 0):
 garbage-first heap   total 432128K, used 231049K [0x0000000080000000, 0x0000000100000000)
  region size 1024K, 3 young (3072K), 3 survivors (3072K)
 Metaspace       used 127646K, committed 128640K, reserved 1163264K
  class space    used 16536K, committed 17024K, reserved 1048576K
}
Event: 563.081 GC heap before
{Heap before GC invocations=102 (full 0):
 garbage-first heap   total 432128K, used 334473K [0x0000000080000000, 0x0000000100000000)
  region size 1024K, 113 young (115712K), 3 survivors (3072K)
 Metaspace       used 132347K, committed 133312K, reserved 1171456K
  class space    used 17178K, committed 17664K, reserved 1048576K
}
Event: 563.085 GC heap after
{Heap after GC invocations=103 (full 0):
 garbage-first heap   total 432128K, used 219966K [0x0000000080000000, 0x0000000100000000)
  region size 1024K, 4 young (4096K), 4 survivors (4096K)
 Metaspace       used 132347K, committed 133312K, reserved 1171456K
  class space    used 17178K, committed 17664K, reserved 1048576K
}
Event: 563.383 GC heap before
{Heap before GC invocations=103 (full 0):
 garbage-first heap   total 432128K, used 236350K [0x0000000080000000, 0x0000000100000000)
  region size 1024K, 21 young (21504K), 4 survivors (4096K)
 Metaspace       used 133096K, committed 134080K, reserved 1171456K
  class space    used 17277K, committed 17728K, reserved 1048576K
}
Event: 563.392 GC heap after
{Heap after GC invocations=104 (full 0):
 garbage-first heap   total 432128K, used 216678K [0x0000000080000000, 0x0000000100000000)
  region size 1024K, 3 young (3072K), 3 survivors (3072K)
 Metaspace       used 133096K, committed 134080K, reserved 1171456K
  class space    used 17277K, committed 17728K, reserved 1048576K
}
Event: 564.398 GC heap before
{Heap before GC invocations=104 (full 0):
 garbage-first heap   total 432128K, used 343654K [0x0000000080000000, 0x0000000100000000)
  region size 1024K, 128 young (131072K), 3 survivors (3072K)
 Metaspace       used 134155K, committed 135104K, reserved 1171456K
  class space    used 17408K, committed 17856K, reserved 1048576K
}
Event: 564.404 GC heap after
{Heap after GC invocations=105 (full 0):
 garbage-first heap   total 432128K, used 219048K [0x0000000080000000, 0x0000000100000000)
  region size 1024K, 5 young (5120K), 5 survivors (5120K)
 Metaspace       used 134155K, committed 135104K, reserved 1171456K
  class space    used 17408K, committed 17856K, reserved 1048576K
}
Event: 565.346 GC heap before
{Heap before GC invocations=106 (full 0):
 garbage-first heap   total 432128K, used 351144K [0x0000000080000000, 0x0000000100000000)
  region size 1024K, 134 young (137216K), 5 survivors (5120K)
 Metaspace       used 135207K, committed 136256K, reserved 1171456K
  class space    used 17567K, committed 18048K, reserved 1048576K
}
Event: 565.357 GC heap after
{Heap after GC invocations=107 (full 0):
 garbage-first heap   total 432128K, used 230333K [0x0000000080000000, 0x0000000100000000)
  region size 1024K, 17 young (17408K), 17 survivors (17408K)
 Metaspace       used 135207K, committed 136256K, reserved 1171456K
  class space    used 17567K, committed 18048K, reserved 1048576K
}
Event: 565.366 GC heap before
{Heap before GC invocations=107 (full 0):
 garbage-first heap   total 432128K, used 233405K [0x0000000080000000, 0x0000000100000000)
  region size 1024K, 21 young (21504K), 17 survivors (17408K)
 Metaspace       used 135277K, committed 136320K, reserved 1171456K
  class space    used 17577K, committed 18048K, reserved 1048576K
}
Event: 565.373 GC heap after
{Heap after GC invocations=108 (full 0):
 garbage-first heap   total 432128K, used 221468K [0x0000000080000000, 0x0000000100000000)
  region size 1024K, 3 young (3072K), 3 survivors (3072K)
 Metaspace       used 135277K, committed 136320K, reserved 1171456K
  class space    used 17577K, committed 18048K, reserved 1048576K
}
Event: 565.903 GC heap before
{Heap before GC invocations=108 (full 0):
 garbage-first heap   total 432128K, used 348444K [0x0000000080000000, 0x0000000100000000)
  region size 1024K, 127 young (130048K), 3 survivors (3072K)
 Metaspace       used 139411K, committed 140480K, reserved 1171456K
  class space    used 18257K, committed 18752K, reserved 1048576K
}

