# JRE version: OpenJDK Runtime Environment (17.0.6) (build 17.0.6+0-b2043.56-9586694)
# Java VM: OpenJDK 64-Bit Server VM (17.0.6+0-b2043.56-9586694, mixed mode, tiered, compressed oops, compressed class ptrs, g1 gc, windows-amd64)
GC Precious Log:
 CPUs: 8 total, 8 available
 Memory: 8029M
 Large Page Support: Disabled
 NUMA Support: Disabled
 Compressed Oops: Enabled (32-bit)
 Heap Region Size: 1M
 Heap Min Capacity: 8M
 Heap Initial Capacity: 126M
 Heap Max Capacity: 2G
 Pre-touch: Disabled
 Parallel Workers: 8
 Concurrent Workers: 2
 Concurrent Refinement Workers: 8
 Periodic GC: Disabled
Heap:
 garbage-first heap   total 316416K, used 153600K [0x0000000080000000, 0x0000000100000000)
  region size 1024K, 5 young (5120K), 5 survivors (5120K)
 Metaspace       used 105695K, committed 106368K, reserved 1146880K
  class space    used 14855K, committed 15168K, reserved 1048576K
GC Heap History (20 events):
Event: 6.877 GC heap after
{Heap after GC invocations=27 (full 0):
 garbage-first heap   total 205824K, used 58106K [0x0000000080000000, 0x0000000100000000)
  region size 1024K, 7 young (7168K), 7 survivors (7168K)
 Metaspace       used 73424K, committed 73920K, reserved 1114112K
  class space    used 9942K, committed 10176K, reserved 1048576K
}
Event: 7.739 GC heap before
{Heap before GC invocations=27 (full 0):
 garbage-first heap   total 205824K, used 152314K [0x0000000080000000, 0x0000000100000000)
  region size 1024K, 99 young (101376K), 7 survivors (7168K)
 Metaspace       used 80427K, committed 81024K, reserved 1122304K
  class space    used 10928K, committed 11200K, reserved 1048576K
}
Event: 7.749 GC heap after
{Heap after GC invocations=28 (full 0):
 garbage-first heap   total 205824K, used 67686K [0x0000000080000000, 0x0000000100000000)
  region size 1024K, 13 young (13312K), 13 survivors (13312K)
 Metaspace       used 80427K, committed 81024K, reserved 1122304K
  class space    used 10928K, committed 11200K, reserved 1048576K
}
Event: 8.445 GC heap before
{Heap before GC invocations=28 (full 0):
 garbage-first heap   total 205824K, used 152678K [0x0000000080000000, 0x0000000100000000)
  region size 1024K, 97 young (99328K), 13 survivors (13312K)
 Metaspace       used 83084K, committed 83712K, reserved 1122304K
  class space    used 11442K, committed 11712K, reserved 1048576K
}
Event: 8.459 GC heap after
{Heap after GC invocations=29 (full 0):
 garbage-first heap   total 205824K, used 76245K [0x0000000080000000, 0x0000000100000000)
  region size 1024K, 9 young (9216K), 9 survivors (9216K)
 Metaspace       used 83084K, committed 83712K, reserved 1122304K
  class space    used 11442K, committed 11712K, reserved 1048576K
}
Event: 9.385 GC heap before
{Heap before GC invocations=29 (full 0):
 garbage-first heap   total 205824K, used 156117K [0x0000000080000000, 0x0000000100000000)
  region size 1024K, 88 young (90112K), 9 survivors (9216K)
 Metaspace       used 89834K, committed 90432K, reserved 1130496K
  class space    used 12270K, committed 12544K, reserved 1048576K
}
Event: 9.395 GC heap after
{Heap after GC invocations=30 (full 0):
 garbage-first heap   total 205824K, used 82639K [0x0000000080000000, 0x0000000100000000)
  region size 1024K, 7 young (7168K), 7 survivors (7168K)
 Metaspace       used 89834K, committed 90432K, reserved 1130496K
  class space    used 12270K, committed 12544K, reserved 1048576K
}
Event: 9.669 GC heap before
{Heap before GC invocations=30 (full 0):
 garbage-first heap   total 205824K, used 160463K [0x0000000080000000, 0x0000000100000000)
  region size 1024K, 84 young (86016K), 7 survivors (7168K)
 Metaspace       used 92073K, committed 92800K, reserved 1130496K
  class space    used 12586K, committed 12928K, reserved 1048576K
}
Event: 9.679 GC heap after
{Heap after GC invocations=31 (full 0):
 garbage-first heap   total 205824K, used 97060K [0x0000000080000000, 0x0000000100000000)
  region size 1024K, 11 young (11264K), 11 survivors (11264K)
 Metaspace       used 92073K, committed 92800K, reserved 1130496K
  class space    used 12586K, committed 12928K, reserved 1048576K
}
Event: 9.922 GC heap before
{Heap before GC invocations=31 (full 0):
 garbage-first heap   total 205824K, used 158500K [0x0000000080000000, 0x0000000100000000)
  region size 1024K, 72 young (73728K), 11 survivors (11264K)
 Metaspace       used 95425K, committed 96128K, reserved 1138688K
  class space    used 13141K, committed 13440K, reserved 1048576K
}
Event: 9.932 GC heap after
{Heap after GC invocations=32 (full 0):
 garbage-first heap   total 205824K, used 104284K [0x0000000080000000, 0x0000000100000000)
  region size 1024K, 9 young (9216K), 9 survivors (9216K)
 Metaspace       used 95425K, committed 96128K, reserved 1138688K
  class space    used 13141K, committed 13440K, reserved 1048576K
}
Event: 10.076 GC heap before
{Heap before GC invocations=32 (full 0):
 garbage-first heap   total 205824K, used 160604K [0x0000000080000000, 0x0000000100000000)
  region size 1024K, 64 young (65536K), 9 survivors (9216K)
 Metaspace       used 96663K, committed 97344K, reserved 1138688K
  class space    used 13344K, committed 13632K, reserved 1048576K
}
Event: 10.087 GC heap after
{Heap after GC invocations=33 (full 0):
 garbage-first heap   total 316416K, used 112226K [0x0000000080000000, 0x0000000100000000)
  region size 1024K, 8 young (8192K), 8 survivors (8192K)
 Metaspace       used 96663K, committed 97344K, reserved 1138688K
  class space    used 13344K, committed 13632K, reserved 1048576K
}
Event: 10.463 GC heap before
{Heap before GC invocations=33 (full 0):
 garbage-first heap   total 316416K, used 243298K [0x0000000080000000, 0x0000000100000000)
  region size 1024K, 134 young (137216K), 8 survivors (8192K)
 Metaspace       used 100186K, committed 100864K, reserved 1138688K
  class space    used 13917K, committed 14208K, reserved 1048576K
}
Event: 10.486 GC heap after
{Heap after GC invocations=34 (full 0):
 garbage-first heap   total 316416K, used 131866K [0x0000000080000000, 0x0000000100000000)
  region size 1024K, 17 young (17408K), 17 survivors (17408K)
 Metaspace       used 100186K, committed 100864K, reserved 1138688K
  class space    used 13917K, committed 14208K, reserved 1048576K
}
Event: 10.736 GC heap before
{Heap before GC invocations=34 (full 0):
 garbage-first heap   total 316416K, used 238362K [0x0000000080000000, 0x0000000100000000)
  region size 1024K, 121 young (123904K), 17 survivors (17408K)
 Metaspace       used 102344K, committed 103040K, reserved 1138688K
  class space    used 14345K, committed 14656K, reserved 1048576K
}
Event: 10.760 GC heap after
{Heap after GC invocations=35 (full 0):
 garbage-first heap   total 316416K, used 148387K [0x0000000080000000, 0x0000000100000000)
  region size 1024K, 16 young (16384K), 16 survivors (16384K)
 Metaspace       used 102344K, committed 103040K, reserved 1138688K
  class space    used 14345K, committed 14656K, reserved 1048576K
}
Event: 11.192 GC heap before
{Heap before GC invocations=35 (full 0):
 garbage-first heap   total 316416K, used 245667K [0x0000000080000000, 0x0000000100000000)
  region size 1024K, 111 young (113664K), 16 survivors (16384K)
 Metaspace       used 105094K, committed 105792K, reserved 1146880K
  class space    used 14790K, committed 15104K, reserved 1048576K
}
Event: 11.205 GC heap after
{Heap after GC invocations=36 (full 0):
 garbage-first heap   total 316416K, used 153333K [0x0000000080000000, 0x0000000100000000)
  region size 1024K, 5 young (5120K), 5 survivors (5120K)
 Metaspace       used 105094K, committed 105792K, reserved 1146880K
  class space    used 14790K, committed 15104K, reserved 1048576K
}
Event: 11.545 GC heap before
{Heap before GC invocations=36 (full 0):
 garbage-first heap   total 316416K, used 250613K [0x0000000080000000, 0x0000000100000000)
  region size 1024K, 101 young (103424K), 5 survivors (5120K)
 Metaspace       used 105695K, committed 106368K, reserved 1146880K
  class space    used 14855K, committed 15168K, reserved 1048576K
}

