# JRE version: OpenJDK Runtime Environment (17.0.6) (build 17.0.6+0-b2043.56-9586694)
# Java VM: OpenJDK 64-Bit Server VM (17.0.6+0-b2043.56-9586694, mixed mode, tiered, compressed oops, compressed class ptrs, g1 gc, windows-amd64)
GC Precious Log:
 CPUs: 8 total, 8 available
 Memory: 8029M
 Large Page Support: Disabled
 NUMA Support: Disabled
 Compressed Oops: Enabled (32-bit)
 Heap Region Size: 1M
 Heap Min Capacity: 8M
 Heap Initial Capacity: 126M
 Heap Max Capacity: 2G
 Pre-touch: Disabled
 Parallel Workers: 8
 Concurrent Workers: 2
 Concurrent Refinement Workers: 8
 Periodic GC: Disabled
Heap:
 garbage-first heap   total 225280K, used 130583K [0x0000000080000000, 0x0000000100000000)
  region size 1024K, 7 young (7168K), 7 survivors (7168K)
 Metaspace       used 99269K, committed 99904K, reserved 1138688K
  class space    used 13741K, committed 14016K, reserved 1048576K
GC Heap History (20 events):
Event: 8.390 GC heap after
{Heap after GC invocations=26 (full 0):
 garbage-first heap   total 166912K, used 72554K [0x0000000080000000, 0x0000000100000000)
  region size 1024K, 9 young (9216K), 9 survivors (9216K)
 Metaspace       used 82872K, committed 83456K, reserved 1122304K
  class space    used 11450K, committed 11712K, reserved 1048576K
}
Event: 8.857 GC heap before
{Heap before GC invocations=26 (full 0):
 garbage-first heap   total 166912K, used 126826K [0x0000000080000000, 0x0000000100000000)
  region size 1024K, 63 young (64512K), 9 survivors (9216K)
 Metaspace       used 83442K, committed 84096K, reserved 1122304K
  class space    used 11491K, committed 11776K, reserved 1048576K
}
Event: 8.864 GC heap after
{Heap after GC invocations=27 (full 0):
 garbage-first heap   total 166912K, used 75971K [0x0000000080000000, 0x0000000100000000)
  region size 1024K, 4 young (4096K), 4 survivors (4096K)
 Metaspace       used 83442K, committed 84096K, reserved 1122304K
  class space    used 11491K, committed 11776K, reserved 1048576K
}
Event: 9.389 GC heap before
{Heap before GC invocations=27 (full 0):
 garbage-first heap   total 166912K, used 130243K [0x0000000080000000, 0x0000000100000000)
  region size 1024K, 58 young (59392K), 4 survivors (4096K)
 Metaspace       used 89448K, committed 89984K, reserved 1130496K
  class space    used 12239K, committed 12480K, reserved 1048576K
}
Event: 9.395 GC heap after
{Heap after GC invocations=28 (full 0):
 garbage-first heap   total 166912K, used 79746K [0x0000000080000000, 0x0000000100000000)
  region size 1024K, 8 young (8192K), 8 survivors (8192K)
 Metaspace       used 89448K, committed 89984K, reserved 1130496K
  class space    used 12239K, committed 12480K, reserved 1048576K
}
Event: 9.650 GC heap before
{Heap before GC invocations=28 (full 0):
 garbage-first heap   total 166912K, used 130946K [0x0000000080000000, 0x0000000100000000)
  region size 1024K, 59 young (60416K), 8 survivors (8192K)
 Metaspace       used 91544K, committed 92224K, reserved 1130496K
  class space    used 12537K, committed 12864K, reserved 1048576K
}
Event: 9.658 GC heap after
{Heap after GC invocations=29 (full 0):
 garbage-first heap   total 166912K, used 86900K [0x0000000080000000, 0x0000000100000000)
  region size 1024K, 8 young (8192K), 8 survivors (8192K)
 Metaspace       used 91544K, committed 92224K, reserved 1130496K
  class space    used 12537K, committed 12864K, reserved 1048576K
}
Event: 9.717 GC heap before
{Heap before GC invocations=29 (full 0):
 garbage-first heap   total 166912K, used 131956K [0x0000000080000000, 0x0000000100000000)
  region size 1024K, 53 young (54272K), 8 survivors (8192K)
 Metaspace       used 92123K, committed 92800K, reserved 1130496K
  class space    used 12603K, committed 12928K, reserved 1048576K
}
Event: 9.724 GC heap after
{Heap after GC invocations=30 (full 0):
 garbage-first heap   total 200704K, used 96936K [0x0000000080000000, 0x0000000100000000)
  region size 1024K, 7 young (7168K), 7 survivors (7168K)
 Metaspace       used 92123K, committed 92800K, reserved 1130496K
  class space    used 12603K, committed 12928K, reserved 1048576K
}
Event: 10.031 GC heap before
{Heap before GC invocations=31 (full 0):
 garbage-first heap   total 200704K, used 154280K [0x0000000080000000, 0x0000000100000000)
  region size 1024K, 64 young (65536K), 7 survivors (7168K)
 Metaspace       used 95132K, committed 95808K, reserved 1138688K
  class space    used 13111K, committed 13440K, reserved 1048576K
}
Event: 10.040 GC heap after
{Heap after GC invocations=32 (full 0):
 garbage-first heap   total 200704K, used 103240K [0x0000000080000000, 0x0000000100000000)
  region size 1024K, 8 young (8192K), 8 survivors (8192K)
 Metaspace       used 95132K, committed 95808K, reserved 1138688K
  class space    used 13111K, committed 13440K, reserved 1048576K
}
Event: 10.044 GC heap before
{Heap before GC invocations=32 (full 0):
 garbage-first heap   total 200704K, used 104264K [0x0000000080000000, 0x0000000100000000)
  region size 1024K, 9 young (9216K), 8 survivors (8192K)
 Metaspace       used 95153K, committed 95872K, reserved 1138688K
  class space    used 13111K, committed 13440K, reserved 1048576K
}
Event: 10.055 GC heap after
{Heap after GC invocations=33 (full 0):
 garbage-first heap   total 200704K, used 104231K [0x0000000080000000, 0x0000000100000000)
  region size 1024K, 1 young (1024K), 1 survivors (1024K)
 Metaspace       used 95153K, committed 95872K, reserved 1138688K
  class space    used 13111K, committed 13440K, reserved 1048576K
}
Event: 10.208 GC heap before
{Heap before GC invocations=33 (full 0):
 garbage-first heap   total 200704K, used 156455K [0x0000000080000000, 0x0000000100000000)
  region size 1024K, 52 young (53248K), 1 survivors (1024K)
 Metaspace       used 96060K, committed 96768K, reserved 1138688K
  class space    used 13246K, committed 13568K, reserved 1048576K
}
Event: 10.217 GC heap after
{Heap after GC invocations=34 (full 0):
 garbage-first heap   total 200704K, used 114881K [0x0000000080000000, 0x0000000100000000)
  region size 1024K, 7 young (7168K), 7 survivors (7168K)
 Metaspace       used 96060K, committed 96768K, reserved 1138688K
  class space    used 13246K, committed 13568K, reserved 1048576K
}
Event: 10.434 GC heap before
{Heap before GC invocations=35 (full 0):
 garbage-first heap   total 225280K, used 156865K [0x0000000080000000, 0x0000000100000000)
  region size 1024K, 49 young (50176K), 7 survivors (7168K)
 Metaspace       used 97654K, committed 98304K, reserved 1138688K
  class space    used 13528K, committed 13824K, reserved 1048576K
}
Event: 10.445 GC heap after
{Heap after GC invocations=36 (full 0):
 garbage-first heap   total 225280K, used 122095K [0x0000000080000000, 0x0000000100000000)
  region size 1024K, 7 young (7168K), 7 survivors (7168K)
 Metaspace       used 97654K, committed 98304K, reserved 1138688K
  class space    used 13528K, committed 13824K, reserved 1048576K
}
Event: 10.457 GC heap before
{Heap before GC invocations=36 (full 0):
 garbage-first heap   total 225280K, used 126191K [0x0000000080000000, 0x0000000100000000)
  region size 1024K, 11 young (11264K), 7 survivors (7168K)
 Metaspace       used 97693K, committed 98368K, reserved 1138688K
  class space    used 13534K, committed 13824K, reserved 1048576K
}
Event: 10.465 GC heap after
{Heap after GC invocations=37 (full 0):
 garbage-first heap   total 225280K, used 122492K [0x0000000080000000, 0x0000000100000000)
  region size 1024K, 2 young (2048K), 2 survivors (2048K)
 Metaspace       used 97693K, committed 98368K, reserved 1138688K
  class space    used 13534K, committed 13824K, reserved 1048576K
}
Event: 10.590 GC heap before
{Heap before GC invocations=37 (full 0):
 garbage-first heap   total 225280K, used 174716K [0x0000000080000000, 0x0000000100000000)
  region size 1024K, 54 young (55296K), 2 survivors (2048K)
 Metaspace       used 99269K, committed 99904K, reserved 1138688K
  class space    used 13741K, committed 14016K, reserved 1048576K
}

