# JRE version: OpenJDK Runtime Environment (17.0.6) (build 17.0.6+0-b2043.56-9586694)
# Java VM: OpenJDK 64-Bit Server VM (17.0.6+0-b2043.56-9586694, mixed mode, tiered, compressed oops, compressed class ptrs, g1 gc, windows-amd64)
GC Precious Log:
 CPUs: 8 total, 8 available
 Memory: 8029M
 Large Page Support: Disabled
 NUMA Support: Disabled
 Compressed Oops: Enabled (32-bit)
 Heap Region Size: 1M
 Heap Min Capacity: 8M
 Heap Initial Capacity: 126M
 Heap Max Capacity: 2G
 Pre-touch: Disabled
 Parallel Workers: 8
 Concurrent Workers: 2
 Concurrent Refinement Workers: 8
 Periodic GC: Disabled
Heap:
 garbage-first heap   total 243712K, used 128480K [0x0000000080000000, 0x0000000100000000)
  region size 1024K, 11 young (11264K), 11 survivors (11264K)
 Metaspace       used 100794K, committed 101440K, reserved 1138688K
  class space    used 14048K, committed 14336K, reserved 1048576K
GC Heap History (20 events):
Event: 7.230 GC heap after
{Heap after GC invocations=26 (full 0):
 garbage-first heap   total 121856K, used 60586K [0x0000000080000000, 0x0000000100000000)
  region size 1024K, 6 young (6144K), 6 survivors (6144K)
 Metaspace       used 78562K, committed 79104K, reserved 1122304K
  class space    used 10703K, committed 10944K, reserved 1048576K
}
Event: 7.584 GC heap before
{Heap before GC invocations=26 (full 0):
 garbage-first heap   total 121856K, used 97450K [0x0000000080000000, 0x0000000100000000)
  region size 1024K, 42 young (43008K), 6 survivors (6144K)
 Metaspace       used 80396K, committed 80960K, reserved 1122304K
  class space    used 10926K, committed 11200K, reserved 1048576K
}
Event: 7.590 GC heap after
{Heap after GC invocations=27 (full 0):
 garbage-first heap   total 121856K, used 64301K [0x0000000080000000, 0x0000000100000000)
  region size 1024K, 6 young (6144K), 6 survivors (6144K)
 Metaspace       used 80396K, committed 80960K, reserved 1122304K
  class space    used 10926K, committed 11200K, reserved 1048576K
}
Event: 7.751 GC heap before
{Heap before GC invocations=28 (full 0):
 garbage-first heap   total 121856K, used 98093K [0x0000000080000000, 0x0000000100000000)
  region size 1024K, 39 young (39936K), 6 survivors (6144K)
 Metaspace       used 80484K, committed 81088K, reserved 1122304K
  class space    used 10937K, committed 11200K, reserved 1048576K
}
Event: 7.759 GC heap after
{Heap after GC invocations=29 (full 0):
 garbage-first heap   total 121856K, used 70545K [0x0000000080000000, 0x0000000100000000)
  region size 1024K, 5 young (5120K), 5 survivors (5120K)
 Metaspace       used 80484K, committed 81088K, reserved 1122304K
  class space    used 10937K, committed 11200K, reserved 1048576K
}
Event: 7.771 GC heap before
{Heap before GC invocations=29 (full 0):
 garbage-first heap   total 121856K, used 71569K [0x0000000080000000, 0x0000000100000000)
  region size 1024K, 6 young (6144K), 5 survivors (5120K)
 Metaspace       used 80547K, committed 81152K, reserved 1122304K
  class space    used 10949K, committed 11200K, reserved 1048576K
}
Event: 7.776 GC heap after
{Heap after GC invocations=30 (full 0):
 garbage-first heap   total 121856K, used 71971K [0x0000000080000000, 0x0000000100000000)
  region size 1024K, 1 young (1024K), 1 survivors (1024K)
 Metaspace       used 80547K, committed 81152K, reserved 1122304K
  class space    used 10949K, committed 11200K, reserved 1048576K
}
Event: 8.098 GC heap before
{Heap before GC invocations=30 (full 0):
 garbage-first heap   total 121856K, used 98595K [0x0000000080000000, 0x0000000100000000)
  region size 1024K, 27 young (27648K), 1 survivors (1024K)
 Metaspace       used 82825K, committed 83456K, reserved 1122304K
  class space    used 11439K, committed 11712K, reserved 1048576K
}
Event: 8.104 GC heap after
{Heap after GC invocations=31 (full 0):
 garbage-first heap   total 243712K, used 73550K [0x0000000080000000, 0x0000000100000000)
  region size 1024K, 3 young (3072K), 3 survivors (3072K)
 Metaspace       used 82825K, committed 83456K, reserved 1122304K
  class space    used 11439K, committed 11712K, reserved 1048576K
}
Event: 9.037 GC heap before
{Heap before GC invocations=32 (full 0):
 garbage-first heap   total 243712K, used 184142K [0x0000000080000000, 0x0000000100000000)
  region size 1024K, 112 young (114688K), 3 survivors (3072K)
 Metaspace       used 89273K, committed 89920K, reserved 1130496K
  class space    used 12212K, committed 12480K, reserved 1048576K
}
Event: 9.048 GC heap after
{Heap after GC invocations=33 (full 0):
 garbage-first heap   total 243712K, used 81016K [0x0000000080000000, 0x0000000100000000)
  region size 1024K, 10 young (10240K), 10 survivors (10240K)
 Metaspace       used 89273K, committed 89920K, reserved 1130496K
  class space    used 12212K, committed 12480K, reserved 1048576K
}
Event: 9.053 GC heap before
{Heap before GC invocations=33 (full 0):
 garbage-first heap   total 243712K, used 82040K [0x0000000080000000, 0x0000000100000000)
  region size 1024K, 11 young (11264K), 10 survivors (10240K)
 Metaspace       used 89289K, committed 89920K, reserved 1130496K
  class space    used 12215K, committed 12480K, reserved 1048576K
}
Event: 9.062 GC heap after
{Heap after GC invocations=34 (full 0):
 garbage-first heap   total 243712K, used 81392K [0x0000000080000000, 0x0000000100000000)
  region size 1024K, 2 young (2048K), 2 survivors (2048K)
 Metaspace       used 89289K, committed 89920K, reserved 1130496K
  class space    used 12215K, committed 12480K, reserved 1048576K
}
Event: 9.415 GC heap before
{Heap before GC invocations=34 (full 0):
 garbage-first heap   total 243712K, used 186864K [0x0000000080000000, 0x0000000100000000)
  region size 1024K, 106 young (108544K), 2 survivors (2048K)
 Metaspace       used 92677K, committed 93312K, reserved 1130496K
  class space    used 12682K, committed 12992K, reserved 1048576K
}
Event: 9.424 GC heap after
{Heap after GC invocations=35 (full 0):
 garbage-first heap   total 243712K, used 100075K [0x0000000080000000, 0x0000000100000000)
  region size 1024K, 14 young (14336K), 14 survivors (14336K)
 Metaspace       used 92677K, committed 93312K, reserved 1130496K
  class space    used 12682K, committed 12992K, reserved 1048576K
}
Event: 9.746 GC heap before
{Heap before GC invocations=35 (full 0):
 garbage-first heap   total 243712K, used 184043K [0x0000000080000000, 0x0000000100000000)
  region size 1024K, 97 young (99328K), 14 survivors (14336K)
 Metaspace       used 96720K, committed 97344K, reserved 1138688K
  class space    used 13345K, committed 13632K, reserved 1048576K
}
Event: 9.759 GC heap after
{Heap after GC invocations=36 (full 0):
 garbage-first heap   total 243712K, used 109300K [0x0000000080000000, 0x0000000100000000)
  region size 1024K, 13 young (13312K), 13 survivors (13312K)
 Metaspace       used 96720K, committed 97344K, reserved 1138688K
  class space    used 13345K, committed 13632K, reserved 1048576K
}
Event: 9.921 GC heap before
{Heap before GC invocations=36 (full 0):
 garbage-first heap   total 243712K, used 188148K [0x0000000080000000, 0x0000000100000000)
  region size 1024K, 89 young (91136K), 13 survivors (13312K)
 Metaspace       used 99006K, committed 99712K, reserved 1138688K
  class space    used 13706K, committed 14016K, reserved 1048576K
}
Event: 9.936 GC heap after
{Heap after GC invocations=37 (full 0):
 garbage-first heap   total 243712K, used 117714K [0x0000000080000000, 0x0000000100000000)
  region size 1024K, 11 young (11264K), 11 survivors (11264K)
 Metaspace       used 99006K, committed 99712K, reserved 1138688K
  class space    used 13706K, committed 14016K, reserved 1048576K
}
Event: 10.084 GC heap before
{Heap before GC invocations=37 (full 0):
 garbage-first heap   total 243712K, used 189394K [0x0000000080000000, 0x0000000100000000)
  region size 1024K, 82 young (83968K), 11 survivors (11264K)
 Metaspace       used 100794K, committed 101440K, reserved 1138688K
  class space    used 14048K, committed 14336K, reserved 1048576K
}

